<?xml version="1.0" encoding="UTF-8"?>
<testng-results total="1" passed="1" failed="0" skipped="0">
  <reporter-output>
  </reporter-output>
  <suite started-at="2024-03-22T05:19:21Z" name="Surefire suite" finished-at="2024-03-22T05:19:31Z" duration-ms="10500">
    <groups>
    </groups>
    <test started-at="2024-03-22T05:19:21Z" name="Surefire test" finished-at="2024-03-22T05:19:31Z" duration-ms="10500">
      <class name="TestCases.NewTest">
        <test-method signature="Program()[pri:0, instance:TestCases.NewTest@2bea5ab4]" started-at="2024-03-22T10:49:21Z" name="Program" finished-at="2024-03-22T10:49:31Z" duration-ms="10484" status="PASS">
          <reporter-output>
          </reporter-output>
        </test-method> <!-- Program -->
      </class> <!-- TestCases.NewTest -->
    </test> <!-- Surefire test -->
  </suite> <!-- Surefire suite -->
</testng-results>
