<?xml version="1.0" encoding="UTF-8"?>
<testng-results total="1" passed="1" failed="0" skipped="0">
  <reporter-output>
  </reporter-output>
  <suite started-at="2024-03-11T11:11:24Z" name="Default suite" finished-at="2024-03-11T11:11:33Z" duration-ms="9138">
    <groups>
    </groups>
    <test started-at="2024-03-11T11:11:24Z" name="Default test" finished-at="2024-03-11T11:11:33Z" duration-ms="9138">
      <class name="TestCases.NewTest">
        <test-method signature="Program()[pri:0, instance:TestCases.NewTest@45a37759]" started-at="2024-03-11T16:41:24Z" name="Program" finished-at="2024-03-11T16:41:33Z" duration-ms="9123" status="PASS">
          <reporter-output>
          </reporter-output>
        </test-method> <!-- Program -->
      </class> <!-- TestCases.NewTest -->
    </test> <!-- Default test -->
  </suite> <!-- Default suite -->
</testng-results>
